  CV_Algorithms.cpp
  CornerDetectorFAST.cpp
C:\Program Files (x86)\Microsoft Visual Studio\2019\Community\VC\Tools\MSVC\14.29.30133\include\xmemory(681,68): warning C4244: 'argument': conversion from '_Ty' to 'float', possible loss of data
          with
          [
              _Ty=int
          ]
C:\Program Files (x86)\Microsoft Visual Studio\2019\Community\VC\Tools\MSVC\14.29.30133\include\vector(708): message : see reference to function template instantiation 'void std::_Default_allocator_traits<_Alloc>::construct<_Ty,int&,int&,int,int,int,int>(_Alloc &,_Objty *const ,int &,int &,int &&,int &&,int &&,int &&)' being compiled
          with
          [
              _Alloc=std::allocator<cv::KeyPoint>,
              _Ty=cv::KeyPoint,
              _Objty=cv::KeyPoint
          ]
C:\Program Files (x86)\Microsoft Visual Studio\2019\Community\VC\Tools\MSVC\14.29.30133\include\vector(713): message : see reference to function template instantiation 'void std::_Default_allocator_traits<_Alloc>::construct<_Ty,int&,int&,int,int,int,int>(_Alloc &,_Objty *const ,int &,int &,int &&,int &&,int &&,int &&)' being compiled
          with
          [
              _Alloc=std::allocator<cv::KeyPoint>,
              _Ty=cv::KeyPoint,
              _Objty=cv::KeyPoint
          ]
C:\Program Files (x86)\Microsoft Visual Studio\2019\Community\VC\Tools\MSVC\14.29.30133\include\vector(726): message : see reference to function template instantiation 'void std::vector<cv::KeyPoint,std::allocator<cv::KeyPoint>>::_Emplace_back_with_unused_capacity<int&,int&,_Ty,_Ty,_Ty,_Ty>(int &,int &,_Ty &&,_Ty &&,_Ty &&,_Ty &&)' being compiled
          with
          [
              _Ty=int
          ]
D:\VS_projects\CV_Algorithms\CV_Algorithms\CornerDetectorFAST.cpp(19): message : see reference to function template instantiation 'void std::vector<cv::KeyPoint,std::allocator<cv::KeyPoint>>::emplace_back<int&,int&,int,int,int,int>(int &,int &,int &&,int &&,int &&,int &&)' being compiled
C:\Program Files (x86)\Microsoft Visual Studio\2019\Community\VC\Tools\MSVC\14.29.30133\include\xmemory(681,68): warning C4244: 'argument': conversion from 'int' to 'float', possible loss of data
  Generating Code...
  CV_Algorithms.vcxproj -> D:\VS_projects\CV_Algorithms\x64\Debug\CV_Algorithms.exe
